<?xml version="1.0" encoding="UTF-8"?>
<!-- Generated by org.testng.reporters.JUnitReportReporter -->
<testsuite hostname="LTIN591673" failures="0" tests="2" name="holidayHomes.TestRunner" time="11.404" errors="0" timestamp="2025-07-02T16:58:52 IST" skipped="0">
  <testcase classname="holidayHomes.TestRunner" name="searchLoaction" time="0.381"/>
  <system-out/>
  <testcase classname="holidayHomes.TestRunner" name="visitHolidayHome" time="11.023"/>
  <system-out/>
</testsuite> <!-- holidayHomes.TestRunner -->
